<?xml version="1.0" encoding="UTF-8"?>
<!-- Generated by org.testng.reporters.JUnitReportReporter -->
<testsuite hostname="Gokul" failures="0" tests="1" name="testng_Frameworkk.Class1" time="0.012" errors="0" timestamp="2023-07-28T16:36:12 IST" skipped="0">
  <testcase classname="testng_Frameworkk.Class1" name="user" time="0.012"/>
</testsuite> <!-- testng_Frameworkk.Class1 -->
